[56257:775:0126/104521.747328:INFO:CONSOLE(46)] "Using profile voyager-web-feed for route feed.index.index", source: https://static-exp1.licdn.com/sc/h/2p04274v4btc9m0bubd707hxf (46)
[56257:775:0126/104522.912582:INFO:CONSOLE(448)] "quill Overwriting modules/clipboard with class extends i{onPaste(e){var t
if(null===(t=e.clipboardData)||void 0===t?void 0:t.getData("text/link-preview")){const t=this.quill.getSelection()
if(!t)return super.onPaste(e)
e.preventDefault()
const i=e.clipboardData.getData("text/plain"),r=(new n).retain(t.index).delete(t.length).insert(i)
this.quill.updateContents(r,"silent")
const a=i.length+t.index,o=0
this.quill.setSelection(a,o,"silent")}return super.onPaste(e)}}", source: https://static-exp1.licdn.com/sc/h/4oeiudlcvpiishds2fbyff6xy (448)
[56257:775:0126/104523.884025:INFO:CONSOLE(15205)] "This response was unable to be parsed as json. ", source: https://static-exp1.licdn.com/sc/h/boyq2zh7c563rhb8p5oracq7m (15205)
[56257:775:0126/104524.599910:INFO:CONSOLE(15205)] "This response was unable to be parsed as json. ", source: https://static-exp1.licdn.com/sc/h/boyq2zh7c563rhb8p5oracq7m (15205)
[56257:775:0126/104524.994276:INFO:CONSOLE(15205)] "This response was unable to be parsed as json. ", source: https://static-exp1.licdn.com/sc/h/boyq2zh7c563rhb8p5oracq7m (15205)
[56257:775:0126/104526.215386:INFO:CONSOLE(46)] "No route based profile for route messaging.thread. Falling back to global profile voyager-web-global", source: https://static-exp1.licdn.com/sc/h/2p04274v4btc9m0bubd707hxf (46)
[56257:775:0126/104526.532018:INFO:CONSOLE(15205)] "This response was unable to be parsed as json. ", source: https://static-exp1.licdn.com/sc/h/boyq2zh7c563rhb8p5oracq7m (15205)
[56257:775:0126/104527.063332:INFO:CONSOLE(15205)] "This response was unable to be parsed as json. ", source: https://static-exp1.licdn.com/sc/h/boyq2zh7c563rhb8p5oracq7m (15205)
[56257:775:0126/104528.562707:INFO:CONSOLE(46)] "No route based profile for route messaging.thread. Falling back to global profile voyager-web-global", source: https://static-exp1.licdn.com/sc/h/2p04274v4btc9m0bubd707hxf (46)
[56257:775:0126/104528.901417:INFO:CONSOLE(15205)] "This response was unable to be parsed as json. ", source: https://static-exp1.licdn.com/sc/h/boyq2zh7c563rhb8p5oracq7m (15205)
[56257:775:0126/104529.244077:INFO:CONSOLE(15205)] "This response was unable to be parsed as json. ", source: https://static-exp1.licdn.com/sc/h/boyq2zh7c563rhb8p5oracq7m (15205)
[56257:775:0126/104530.086896:INFO:CONSOLE(15205)] "This response was unable to be parsed as json. ", source: https://static-exp1.licdn.com/sc/h/boyq2zh7c563rhb8p5oracq7m (15205)
[56257:775:0126/104530.434656:INFO:CONSOLE(15205)] "This response was unable to be parsed as json. ", source: https://static-exp1.licdn.com/sc/h/boyq2zh7c563rhb8p5oracq7m (15205)
[56257:775:0126/104530.779314:INFO:CONSOLE(15205)] "This response was unable to be parsed as json. ", source: https://static-exp1.licdn.com/sc/h/boyq2zh7c563rhb8p5oracq7m (15205)
[56257:775:0126/104531.130181:INFO:CONSOLE(15205)] "This response was unable to be parsed as json. ", source: https://static-exp1.licdn.com/sc/h/boyq2zh7c563rhb8p5oracq7m (15205)
[56257:775:0126/104535.805356:INFO:CONSOLE(46)] "No route based profile for route messaging.thread. Falling back to global profile voyager-web-global", source: https://static-exp1.licdn.com/sc/h/2p04274v4btc9m0bubd707hxf (46)
[56257:775:0126/104536.145293:INFO:CONSOLE(15205)] "This response was unable to be parsed as json. ", source: https://static-exp1.licdn.com/sc/h/boyq2zh7c563rhb8p5oracq7m (15205)
[56257:775:0126/104536.536451:INFO:CONSOLE(15205)] "This response was unable to be parsed as json. ", source: https://static-exp1.licdn.com/sc/h/boyq2zh7c563rhb8p5oracq7m (15205)
[56257:775:0126/104537.394535:INFO:CONSOLE(15205)] "This response was unable to be parsed as json. ", source: https://static-exp1.licdn.com/sc/h/boyq2zh7c563rhb8p5oracq7m (15205)
[56257:775:0126/104537.744668:INFO:CONSOLE(15205)] "This response was unable to be parsed as json. ", source: https://static-exp1.licdn.com/sc/h/boyq2zh7c563rhb8p5oracq7m (15205)
[56257:775:0126/104538.107757:INFO:CONSOLE(15205)] "This response was unable to be parsed as json. ", source: https://static-exp1.licdn.com/sc/h/boyq2zh7c563rhb8p5oracq7m (15205)
[56257:775:0126/104538.458227:INFO:CONSOLE(15205)] "This response was unable to be parsed as json. ", source: https://static-exp1.licdn.com/sc/h/boyq2zh7c563rhb8p5oracq7m (15205)
[56257:775:0126/104544.641112:INFO:CONSOLE(46)] "No route based profile for route messaging.thread. Falling back to global profile voyager-web-global", source: https://static-exp1.licdn.com/sc/h/2p04274v4btc9m0bubd707hxf (46)
[56257:775:0126/104544.962935:INFO:CONSOLE(15205)] "This response was unable to be parsed as json. ", source: https://static-exp1.licdn.com/sc/h/boyq2zh7c563rhb8p5oracq7m (15205)
[56257:775:0126/104545.201874:INFO:CONSOLE(15205)] "This response was unable to be parsed as json. ", source: https://static-exp1.licdn.com/sc/h/boyq2zh7c563rhb8p5oracq7m (15205)
[56257:775:0126/104546.014412:INFO:CONSOLE(15205)] "This response was unable to be parsed as json. ", source: https://static-exp1.licdn.com/sc/h/boyq2zh7c563rhb8p5oracq7m (15205)
[56257:775:0126/104546.351118:INFO:CONSOLE(15205)] "This response was unable to be parsed as json. ", source: https://static-exp1.licdn.com/sc/h/boyq2zh7c563rhb8p5oracq7m (15205)
[56257:775:0126/104546.690817:INFO:CONSOLE(15205)] "This response was unable to be parsed as json. ", source: https://static-exp1.licdn.com/sc/h/boyq2zh7c563rhb8p5oracq7m (15205)
[56257:775:0126/104547.081089:INFO:CONSOLE(15205)] "This response was unable to be parsed as json. ", source: https://static-exp1.licdn.com/sc/h/boyq2zh7c563rhb8p5oracq7m (15205)
[56257:775:0126/104552.303295:INFO:CONSOLE(46)] "No route based profile for route messaging.thread. Falling back to global profile voyager-web-global", source: https://static-exp1.licdn.com/sc/h/2p04274v4btc9m0bubd707hxf (46)
[56257:775:0126/104552.650698:INFO:CONSOLE(15205)] "This response was unable to be parsed as json. ", source: https://static-exp1.licdn.com/sc/h/boyq2zh7c563rhb8p5oracq7m (15205)
[56257:775:0126/104552.831462:INFO:CONSOLE(15205)] "This response was unable to be parsed as json. ", source: https://static-exp1.licdn.com/sc/h/boyq2zh7c563rhb8p5oracq7m (15205)
[56257:775:0126/104553.641290:INFO:CONSOLE(15205)] "This response was unable to be parsed as json. ", source: https://static-exp1.licdn.com/sc/h/boyq2zh7c563rhb8p5oracq7m (15205)
[56257:775:0126/104553.983436:INFO:CONSOLE(15205)] "This response was unable to be parsed as json. ", source: https://static-exp1.licdn.com/sc/h/boyq2zh7c563rhb8p5oracq7m (15205)
[56257:775:0126/104554.324236:INFO:CONSOLE(15205)] "This response was unable to be parsed as json. ", source: https://static-exp1.licdn.com/sc/h/boyq2zh7c563rhb8p5oracq7m (15205)
[56257:775:0126/104554.680468:INFO:CONSOLE(15205)] "This response was unable to be parsed as json. ", source: https://static-exp1.licdn.com/sc/h/boyq2zh7c563rhb8p5oracq7m (15205)
[56257:775:0126/104558.446039:WARNING:pref_notifier_impl.cc(40)] Pref observer for media_router.cast_allow_all_ips found at shutdown.
